This is pdfTeX, Version 3.14159265-2.6-1.40.16 (MiKTeX 2.9) (preloaded format=pdflatex 2015.11.3)  27 JAN 2017 16:49
entering extended mode
**manuscript.tex
(manuscript.tex
LaTeX2e <2015/10/01> patch level 1
Babel <3.9m> and hyphenation patterns for 69 languages loaded.
("C:\Program Files (x86)\MiKTeX 2.9\tex\latex\base\article.cls"
Document Class: article 2014/09/29 v1.4h Standard LaTeX document class
("C:\Program Files (x86)\MiKTeX 2.9\tex\latex\base\size10.clo"
File: size10.clo 2014/09/29 v1.4h Standard LaTeX file (size option)
)
\c@part=\count79
\c@section=\count80
\c@subsection=\count81
\c@subsubsection=\count82
\c@paragraph=\count83
\c@subparagraph=\count84
\c@figure=\count85
\c@table=\count86
\abovecaptionskip=\skip41
\belowcaptionskip=\skip42
\bibindent=\dimen102
)
(manuscript.aux)
LaTeX Font Info:    Checking defaults for OML/cmm/m/it on input line 3.
LaTeX Font Info:    ... okay on input line 3.
LaTeX Font Info:    Checking defaults for T1/cmr/m/n on input line 3.
LaTeX Font Info:    ... okay on input line 3.
LaTeX Font Info:    Checking defaults for OT1/cmr/m/n on input line 3.
LaTeX Font Info:    ... okay on input line 3.
LaTeX Font Info:    Checking defaults for OMS/cmsy/m/n on input line 3.
LaTeX Font Info:    ... okay on input line 3.
LaTeX Font Info:    Checking defaults for OMX/cmex/m/n on input line 3.
LaTeX Font Info:    ... okay on input line 3.
LaTeX Font Info:    Checking defaults for U/cmr/m/n on input line 3.
LaTeX Font Info:    ... okay on input line 3.
 [1{C:/Users/nbusch/AppData/Local/MiKTeX/2.9/pdftex/config/pdftex.map}

] (manuscript.aux) ) 
Here is how much of TeX's memory you used:
 210 strings out of 493636
 2230 string characters out of 3141323
 52602 words of memory out of 3000000
 3679 multiletter control sequences out of 15000+200000
 4245 words of font info for 16 fonts, out of 3000000 for 9000
 1025 hyphenation exceptions out of 8191
 23i,4n,17p,133b,139s stack positions out of 5000i,500n,10000p,200000b,50000s
<C:/Program Files (x86)/MiKTeX 2.9/fonts/type1/public/amsfo
nts/cm/cmbx12.pfb><C:/Program Files (x86)/MiKTeX 2.9/fonts/type1/public/amsfont
s/cm/cmr10.pfb>
Output written on manuscript.pdf (1 page, 25257 bytes).
PDF statistics:
 14 PDF objects out of 1000 (max. 8388607)
 0 named destinations out of 1000 (max. 500000)
 1 words of extra memory for PDF output out of 10000 (max. 10000000)

